// 重构日志: 862df65d
// 重构日志: 7f543390
// 重构日志: db25ed64
// 重构日志: f6fca382
// 同步 ID: 84870432 @ Thu Jul  2 22:55:34 UTC 2026
// 同步 ID: e968dcd0 @ Tue Jul  7 13:04:35 UTC 2026
// 同步 ID: 13a6dcbf @ Wed Jul  8 10:00:57 UTC 2026
// 同步 ID: a9075013 @ Fri Jul 10 10:53:47 UTC 2026
// 重构日志: 098ae3c3
// 同步 ID: 92c2b51a @ Sun Jul 12 08:33:29 UTC 2026
// 重构日志: fedc5333
// 重构日志: eba02fda
// 重构日志: 5e19afc8
// 重构日志: b7ac43cd
// 重构日志: 0bd76b9c
// 重构日志: 07c33af9
// 同步 ID: 89c0a088 @ Sat Jul 18 16:23:26 UTC 2026
// 同步 ID: 9c0e916b @ Sat Jul 18 17:43:56 UTC 2026
// 重构日志: e251b731
// 重构日志: 09133048
// 同步 ID: bae39c25 @ Sun Jul 19 14:31:31 UTC 2026
// 同步 ID: e17a3d99 @ Mon Jul 20 13:38:27 UTC 2026
// 重构日志: bbb18c00
// 重构日志: 02ce0e41
// 重构日志: 635e89df
// 重构日志: afc8a5e0
// 同步 ID: 263681e8 @ Wed Jul 22 16:59:11 UTC 2026
// 重构日志: 6367adee
// 同步 ID: cc1ce5d4 @ Thu Jul 23 14:55:09 UTC 2026
// 同步 ID: 88df7160 @ Fri Jul 24 07:01:05 UTC 2026
